16.8902
5.21008
23.1474
5.64211
29.9539
16.5404
39.3319
51.0879
45
58.8087
28.3607
47.6628
42.0412
38.7772
33.7521
42.5718
47.2514
30.2267
53.9709
44.6862
22.9679
55.6856
43.5403
38.5356
33.3054
47.2628
42.6962
26.1526
55.0125
41.9111
39.833
33.5015
50.8595
43.763
26.788
50.9812
42.2334
34.5233
39.0008
44.9958
47.4769
23.4973
55.8285
42.5451
29.8701
44.0536
44.3515
41.0008
33.945
50.0419
43.048
30.0881
49.9374
43.5127
44.1287
30.8077
45.0209
43.6714
31.8487
46.3056
48.5738
24.2399
59.2686
42.6957
31.046
44.6481
43.0369
41.4286
32.9151
49.3311
44.3789
27.4916
51.155
44.4258
33.501
40.4921
45.5075
45.6962
28.0421
47.1849
